build/app/intermediates/manifest_merge_blame_file/debug/manifest-merger-blame-debug-report.txt
1<?xml version="1.0" encoding="utf-8"?>
2<manifest xmlns:android="http://schemas.android.com/apk/res/android"
3    package="com.example.time_maintenance_application"
4    android:versionCode="1"
5    android:versionName="1.0.0" >
6
7    <uses-sdk
8        android:minSdkVersion="16"
9        android:targetSdkVersion="30" />
10    <!--
11         Flutter needs it to communicate with the running application
12         to allow setting breakpoints, to provide hot reload, etc.
13    -->
14    <uses-permission android:name="android.permission.INTERNET" />
14-->src/debug/AndroidManifest.xml:6:5-66
14-->src/debug/AndroidManifest.xml:6:22-64
15    <uses-permission android:name="android.permission.ACCESS_NETWORK_STATE" />
15-->[com.google.android.exoplayer:exoplayer-core:2.15.0] AndroidManifest.xml:24:5-79
15-->[com.google.android.exoplayer:exoplayer-core:2.15.0] AndroidManifest.xml:24:22-76
16
17    <queries>
17-->[androidx.media2:media2-session:1.1.3] AndroidManifest.xml:24:5-34:15
18        <intent>
18-->[androidx.media2:media2-session:1.1.3] AndroidManifest.xml:25:9-27:18
19            <action android:name="android.media.browse.MediaBrowserService" />
19-->[androidx.media2:media2-session:1.1.3] AndroidManifest.xml:26:13-79
19-->[androidx.media2:media2-session:1.1.3] AndroidManifest.xml:26:21-76
20        </intent>
21        <intent>
21-->[androidx.media2:media2-session:1.1.3] AndroidManifest.xml:28:9-30:18
22            <action android:name="androidx.media2.session.MediaSessionService" />
22-->[androidx.media2:media2-session:1.1.3] AndroidManifest.xml:29:13-82
22-->[androidx.media2:media2-session:1.1.3] AndroidManifest.xml:29:21-79
23        </intent>
24        <intent>
24-->[androidx.media2:media2-session:1.1.3] AndroidManifest.xml:31:9-33:18
25            <action android:name="androidx.media2.session.MediaLibraryService" />
25-->[androidx.media2:media2-session:1.1.3] AndroidManifest.xml:32:13-82
25-->[androidx.media2:media2-session:1.1.3] AndroidManifest.xml:32:21-79
26        </intent>
27    </queries>
28
29    <application
29-->src/main/AndroidManifest.xml:3:4-40:19
30        android:appComponentFactory="androidx.core.app.CoreComponentFactory"
30-->[androidx.core:core:1.6.0] AndroidManifest.xml:24:18-86
31        android:debuggable="true"
32        android:icon="@mipmap/ic_launcher"
32-->src/main/AndroidManifest.xml:5:9-43
33        android:label="time_maintenance_application" >
33-->src/main/AndroidManifest.xml:4:9-53
34        <activity
34-->src/main/AndroidManifest.xml:6:9-34:20
35            android:name="com.example.time_maintenance_application.MainActivity"
35-->src/main/AndroidManifest.xml:7:13-41
36            android:configChanges="orientation|keyboardHidden|keyboard|screenSize|smallestScreenSize|locale|layoutDirection|fontScale|screenLayout|density|uiMode"
36-->src/main/AndroidManifest.xml:10:13-163
37            android:hardwareAccelerated="true"
37-->src/main/AndroidManifest.xml:11:13-47
38            android:launchMode="singleTop"
38-->src/main/AndroidManifest.xml:8:13-43
39            android:theme="@style/LaunchTheme"
39-->src/main/AndroidManifest.xml:9:13-47
40            android:windowSoftInputMode="adjustResize" >
40-->src/main/AndroidManifest.xml:12:13-55
41
42            <!--
43                 Specifies an Android theme to apply to this Activity as soon as
44                 the Android process has started. This theme is visible to the user
45                 while the Flutter UI initializes. After that, this theme continues
46                 to determine the Window background behind the Flutter UI.
47            -->
48            <meta-data
48-->src/main/AndroidManifest.xml:17:13-20:17
49                android:name="io.flutter.embedding.android.NormalTheme"
49-->src/main/AndroidManifest.xml:18:15-70
50                android:resource="@style/NormalTheme" />
50-->src/main/AndroidManifest.xml:19:15-52
51            <!--
52                 Displays an Android View that continues showing the launch screen
53                 Drawable until Flutter paints its first frame, then this splash
54                 screen fades out. A splash screen is useful to avoid any visual
55                 gap between the end of Android's launch screen and the painting of
56                 Flutter's first frame.
57            -->
58            <meta-data
58-->src/main/AndroidManifest.xml:26:13-29:17
59                android:name="io.flutter.embedding.android.SplashScreenDrawable"
59-->src/main/AndroidManifest.xml:27:15-79
60                android:resource="@drawable/launch_background" />
60-->src/main/AndroidManifest.xml:28:15-61
61
62            <intent-filter>
62-->src/main/AndroidManifest.xml:30:13-33:29
63                <action android:name="android.intent.action.MAIN" />
63-->src/main/AndroidManifest.xml:31:17-68
63-->src/main/AndroidManifest.xml:31:25-66
64
65                <category android:name="android.intent.category.LAUNCHER" />
65-->src/main/AndroidManifest.xml:32:17-76
65-->src/main/AndroidManifest.xml:32:27-74
66            </intent-filter>
67        </activity>
68        <!--
69             Don't delete the meta-data below.
70             This is used by the Flutter tool to generate GeneratedPluginRegistrant.java
71        -->
72        <meta-data
72-->src/main/AndroidManifest.xml:37:9-39:33
73            android:name="flutterEmbedding"
73-->src/main/AndroidManifest.xml:38:13-44
74            android:value="2" />
74-->src/main/AndroidManifest.xml:39:13-30
75    </application>
76
77</manifest>